Using pre-set license
Built from '2020.3/staging' branch; Version is '2020.3.6f1 (338bb68529b2) revision 3378102'; Using compiler version '192528614'; Build Type 'Release'
OS: 'Windows 10 Pro; OS build 19042.964; Version 2009; 64bit' Language: 'pt' Physical Memory: 8113 MB
BatchMode: 1, IsHumanControllingUs: 0, StartBugReporterOnCrash: 0, Is64bit: 1, IsPro: 0

 COMMAND LINE ARGUMENTS:
C:\Program Files\Unity\Hub\Editor\2020.3.6f1\Editor\Unity.exe
-adb2
-batchMode
-noUpm
-name
AssetImportWorker0
-projectPath
E:/workspace/Code/unity/monster-killer-unity-3D
-logFile
Logs/AssetImportWorker0.log
-srvPort
60044
Successfully changed project path to: E:/workspace/Code/unity/monster-killer-unity-3D
E:/workspace/Code/unity/monster-killer-unity-3D
Using Asset Import Pipeline V2.
Refreshing native plugins compatible for Editor in 42.24 ms, found 0 plugins.
Preloading 0 native plugins for Editor in 0.00 ms.
Initialize engine version: 2020.3.6f1 (338bb68529b2)
[Subsystems] Discovering subsystems at path C:/Program Files/Unity/Hub/Editor/2020.3.6f1/Editor/Data/Resources/UnitySubsystems
[Subsystems] Discovering subsystems at path E:/workspace/Code/unity/monster-killer-unity-3D/Assets
GfxDevice: creating device client; threaded=0
Direct3D:
    Version:  Direct3D 11.0 [level 11.1]
    Renderer: NVIDIA GeForce GTX 1660 (ID=0x2184)
    Vendor:   
    VRAM:     5991 MB
    Driver:   27.21.14.6627
Initialize mono
Mono path[0] = 'C:/Program Files/Unity/Hub/Editor/2020.3.6f1/Editor/Data/Managed'
Mono path[1] = 'C:/Program Files/Unity/Hub/Editor/2020.3.6f1/Editor/Data/MonoBleedingEdge/lib/mono/unityjit'
Mono config path = 'C:/Program Files/Unity/Hub/Editor/2020.3.6f1/Editor/Data/MonoBleedingEdge/etc'
Using monoOptions --debugger-agent=transport=dt_socket,embedding=1,server=y,suspend=n,address=127.0.0.1:56532
Begin MonoManager ReloadAssembly
Registering precompiled unity dll's ...
Register platform support module: C:/Program Files/Unity/Hub/Editor/2020.3.6f1/Editor/Data/PlaybackEngines/WindowsStandaloneSupport/UnityEditor.WindowsStandalone.Extensions.dll
Registered in 0.001455 seconds.
Native extension for WindowsStandalone target not found
Refreshing native plugins compatible for Editor in 41.67 ms, found 0 plugins.
Preloading 0 native plugins for Editor in 0.00 ms.
Mono: successfully reloaded assembly
- Completed reload, in  1.052 seconds
Platform modules already initialized, skipping
Registering precompiled user dll's ...
Registered in 0.002278 seconds.
Begin MonoManager ReloadAssembly
Native extension for WindowsStandalone target not found
Refreshing native plugins compatible for Editor in 43.72 ms, found 0 plugins.
Preloading 0 native plugins for Editor in 0.00 ms.
Mono: successfully reloaded assembly
- Completed reload, in  0.922 seconds
Platform modules already initialized, skipping
========================================================================
Worker process is ready to serve import requests
Shader 'Universal Render Pipeline/Particles/Lit': fallback shader 'Universal Render Pipeline/Particles/SimpleLit' not found
Shader 'Universal Render Pipeline/Particles/Lit': fallback shader 'Universal Render Pipeline/Particles/SimpleLit' not found
Launched and connected shader compiler UnityShaderCompiler.exe after 0.04 seconds
Refreshing native plugins compatible for Editor in 0.47 ms, found 0 plugins.
Preloading 0 native plugins for Editor in 0.00 ms.
Unloading 2650 Unused Serialized files (Serialized files now loaded: 0)
System memory in use before: 125.9 MB.
System memory in use after: 123.2 MB.

Unloading 50 unused Assets to reduce memory usage. Loaded Objects now: 3062.
Total: 4.284600 ms (FindLiveObjects: 0.494500 ms CreateObjectMapping: 0.244200 ms MarkObjects: 1.873400 ms  DeleteObjects: 1.671100 ms)

========================================================================
Received Import Request.
  path: Assets/Scripts/Player/PlayerSetup.cs
  artifactKey: Guid(f1ce669adb4c0904f9bb7faee82edd00) Importer(815301076,1909f56bfc062723c751e8b465ee728b)
Start importing Assets/Scripts/Player/PlayerSetup.cs using Guid(f1ce669adb4c0904f9bb7faee82edd00) Importer(815301076,1909f56bfc062723c751e8b465ee728b)  -> (artifact id: 'e30ae45cd33983334d211dc41934c2dd') in 0.039558 seconds
  Import took 0.083359 seconds .

========================================================================
Received Import Request.
  Time since last request: 145.867151 seconds.
  path: Assets/Scripts/Player/PlayerSetup.cs
  artifactKey: Guid(f1ce669adb4c0904f9bb7faee82edd00) Importer(815301076,1909f56bfc062723c751e8b465ee728b)
Start importing Assets/Scripts/Player/PlayerSetup.cs using Guid(f1ce669adb4c0904f9bb7faee82edd00) Importer(815301076,1909f56bfc062723c751e8b465ee728b)  -> (artifact id: 'a93caf0084bf7e5f56af4c5d66dff737') in 0.004090 seconds
  Import took 0.008850 seconds .

========================================================================
Received Import Request.
  Time since last request: 26.234719 seconds.
  path: Assets/Scripts/Player/PlayerSetup.cs
  artifactKey: Guid(f1ce669adb4c0904f9bb7faee82edd00) Importer(815301076,1909f56bfc062723c751e8b465ee728b)
Start importing Assets/Scripts/Player/PlayerSetup.cs using Guid(f1ce669adb4c0904f9bb7faee82edd00) Importer(815301076,1909f56bfc062723c751e8b465ee728b)  -> (artifact id: '2927cee313f03bfbafaa98e4de3bd892') in 0.003687 seconds
  Import took 0.007679 seconds .

========================================================================
Received Prepare
Registering precompiled user dll's ...
Registered in 0.002096 seconds.
Begin MonoManager ReloadAssembly
Native extension for WindowsStandalone target not found
Refreshing native plugins compatible for Editor in 0.42 ms, found 0 plugins.
Preloading 0 native plugins for Editor in 0.00 ms.
Mono: successfully reloaded assembly
- Completed reload, in  0.801 seconds
Platform modules already initialized, skipping
Shader 'Universal Render Pipeline/Particles/Lit': fallback shader 'Universal Render Pipeline/Particles/SimpleLit' not found
Shader 'Universal Render Pipeline/Particles/Lit': fallback shader 'Universal Render Pipeline/Particles/SimpleLit' not found
Refreshing native plugins compatible for Editor in 0.46 ms, found 0 plugins.
Preloading 0 native plugins for Editor in 0.00 ms.
Unloading 2573 Unused Serialized files (Serialized files now loaded: 0)
System memory in use before: 122.2 MB.
System memory in use after: 119.4 MB.

Unloading 45 unused Assets to reduce memory usage. Loaded Objects now: 3065.
Total: 3.481900 ms (FindLiveObjects: 0.304800 ms CreateObjectMapping: 0.159000 ms MarkObjects: 1.735600 ms  DeleteObjects: 1.281000 ms)

========================================================================
Received Import Request.
  Time since last request: 868.281216 seconds.
  path: Assets/Scripts/Player/PlayerSetup.cs
  artifactKey: Guid(f1ce669adb4c0904f9bb7faee82edd00) Importer(815301076,1909f56bfc062723c751e8b465ee728b)
Start importing Assets/Scripts/Player/PlayerSetup.cs using Guid(f1ce669adb4c0904f9bb7faee82edd00) Importer(815301076,1909f56bfc062723c751e8b465ee728b)  -> (artifact id: 'bdb3bee4cd2acb1206e3ab62ab780b1f') in 0.011608 seconds
  Import took 0.017479 seconds .

========================================================================
Received Prepare
Registering precompiled user dll's ...
Registered in 0.002110 seconds.
Begin MonoManager ReloadAssembly
Native extension for WindowsStandalone target not found
Refreshing native plugins compatible for Editor in 0.53 ms, found 0 plugins.
Preloading 0 native plugins for Editor in 0.00 ms.
Mono: successfully reloaded assembly
- Completed reload, in  0.766 seconds
Platform modules already initialized, skipping
Shader 'Universal Render Pipeline/Particles/Lit': fallback shader 'Universal Render Pipeline/Particles/SimpleLit' not found
Shader 'Universal Render Pipeline/Particles/Lit': fallback shader 'Universal Render Pipeline/Particles/SimpleLit' not found
Refreshing native plugins compatible for Editor in 0.45 ms, found 0 plugins.
Preloading 0 native plugins for Editor in 0.00 ms.
Unloading 2573 Unused Serialized files (Serialized files now loaded: 0)
System memory in use before: 122.2 MB.
System memory in use after: 119.5 MB.

Unloading 45 unused Assets to reduce memory usage. Loaded Objects now: 3068.
Total: 3.257100 ms (FindLiveObjects: 0.306300 ms CreateObjectMapping: 0.118200 ms MarkObjects: 1.564400 ms  DeleteObjects: 1.266500 ms)

========================================================================
Received Prepare
Registering precompiled user dll's ...
Registered in 0.002099 seconds.
Begin MonoManager ReloadAssembly
Native extension for WindowsStandalone target not found
Refreshing native plugins compatible for Editor in 0.41 ms, found 0 plugins.
Preloading 0 native plugins for Editor in 0.00 ms.
Mono: successfully reloaded assembly
- Completed reload, in  0.779 seconds
Platform modules already initialized, skipping
Shader 'Universal Render Pipeline/Particles/Lit': fallback shader 'Universal Render Pipeline/Particles/SimpleLit' not found
Shader 'Universal Render Pipeline/Particles/Lit': fallback shader 'Universal Render Pipeline/Particles/SimpleLit' not found
Refreshing native plugins compatible for Editor in 0.52 ms, found 0 plugins.
Preloading 0 native plugins for Editor in 0.00 ms.
Unloading 2573 Unused Serialized files (Serialized files now loaded: 0)
System memory in use before: 122.3 MB.
System memory in use after: 119.5 MB.

Unloading 45 unused Assets to reduce memory usage. Loaded Objects now: 3071.
Total: 3.487700 ms (FindLiveObjects: 0.305700 ms CreateObjectMapping: 0.142900 ms MarkObjects: 1.646900 ms  DeleteObjects: 1.390300 ms)

========================================================================
Received Import Request.
  Time since last request: 910.293796 seconds.
  path: Assets/Prefabs/Player.prefab
  artifactKey: Guid(e4a75c0296e28a14ca91e3e2d5a2ee1f) Importer(815301076,1909f56bfc062723c751e8b465ee728b)
Start importing Assets/Prefabs/Player.prefab using Guid(e4a75c0296e28a14ca91e3e2d5a2ee1f) Importer(815301076,1909f56bfc062723c751e8b465ee728b)  -> (artifact id: '4c6c07ce5bfd9e64b5f6584d177e7ad9') in 1.281143 seconds
  Import took 1.289770 seconds .

========================================================================
Received Import Request.
  Time since last request: 527.079434 seconds.
  path: Assets/Scenes/TestScene.unity
  artifactKey: Guid(769bdc1292049874188d4c3894b76fb9) Importer(815301076,1909f56bfc062723c751e8b465ee728b)
Start importing Assets/Scenes/TestScene.unity using Guid(769bdc1292049874188d4c3894b76fb9) Importer(815301076,1909f56bfc062723c751e8b465ee728b)  -> (artifact id: 'ee1115086631655f3297521091f25480') in 0.007178 seconds
  Import took 0.011778 seconds .

========================================================================
Received Import Request.
  Time since last request: 15.348762 seconds.
  path: Assets/Scenes/MainGame.unity
  artifactKey: Guid(c0a9136f4ecc2d644aab495e49d7b472) Importer(815301076,1909f56bfc062723c751e8b465ee728b)
Start importing Assets/Scenes/MainGame.unity using Guid(c0a9136f4ecc2d644aab495e49d7b472) Importer(815301076,1909f56bfc062723c751e8b465ee728b)  -> (artifact id: '6dd5d229247a418f48b2371b0cb04f5f') in 0.006732 seconds
  Import took 0.011083 seconds .

========================================================================
Received Import Request.
  Time since last request: 5.497755 seconds.
  path: Assets/Scenes/Lobby.unity
  artifactKey: Guid(c0a9136f4ecc2d644aab495e49d7b472) Importer(815301076,1909f56bfc062723c751e8b465ee728b)
Start importing Assets/Scenes/Lobby.unity using Guid(c0a9136f4ecc2d644aab495e49d7b472) Importer(815301076,1909f56bfc062723c751e8b465ee728b)  -> (artifact id: '5d0f3af3ede6b6eb298915ee59ace170') in 0.007209 seconds
  Import took 0.011599 seconds .

========================================================================
Received Import Request.
  Time since last request: 11.004391 seconds.
  path: Assets/Scenes/MainLevel.unity
  artifactKey: Guid(769bdc1292049874188d4c3894b76fb9) Importer(815301076,1909f56bfc062723c751e8b465ee728b)
Start importing Assets/Scenes/MainLevel.unity using Guid(769bdc1292049874188d4c3894b76fb9) Importer(815301076,1909f56bfc062723c751e8b465ee728b)  -> (artifact id: 'a5a1e23d03fc27bfd0ee476101fb9d0b') in 0.025766 seconds
  Import took 0.030346 seconds .

========================================================================
Received Import Request.
  Time since last request: 149.860828 seconds.
  path: Assets/Prefabs/_NetworkManager.prefab
  artifactKey: Guid(751c382bc9bb20c4498b001ab5b9da06) Importer(815301076,1909f56bfc062723c751e8b465ee728b)
Start importing Assets/Prefabs/_NetworkManager.prefab using Guid(751c382bc9bb20c4498b001ab5b9da06) Importer(815301076,1909f56bfc062723c751e8b465ee728b)  -> (artifact id: 'fc9c4cbb80c0997ba90664ca661f8ddd') in 0.023983 seconds
  Import took 0.030543 seconds .

========================================================================
Received Import Request.
  Time since last request: 728.597718 seconds.
  path: Assets/Scenes/MainLevel.unity
  artifactKey: Guid(769bdc1292049874188d4c3894b76fb9) Importer(815301076,1909f56bfc062723c751e8b465ee728b)
Start importing Assets/Scenes/MainLevel.unity using Guid(769bdc1292049874188d4c3894b76fb9) Importer(815301076,1909f56bfc062723c751e8b465ee728b)  -> (artifact id: 'c687f436a82c5e06a3bf9113276b122d') in 0.004386 seconds
  Import took 0.009932 seconds .

========================================================================
Received Prepare
Registering precompiled user dll's ...
Registered in 0.002084 seconds.
Begin MonoManager ReloadAssembly
Native extension for WindowsStandalone target not found
Refreshing native plugins compatible for Editor in 0.41 ms, found 0 plugins.
Preloading 0 native plugins for Editor in 0.00 ms.
Mono: successfully reloaded assembly
- Completed reload, in  1.452 seconds
Platform modules already initialized, skipping
Shader 'Universal Render Pipeline/Particles/Lit': fallback shader 'Universal Render Pipeline/Particles/SimpleLit' not found
Shader 'Universal Render Pipeline/Particles/Lit': fallback shader 'Universal Render Pipeline/Particles/SimpleLit' not found
Refreshing native plugins compatible for Editor in 0.42 ms, found 0 plugins.
Preloading 0 native plugins for Editor in 0.00 ms.
Unloading 2573 Unused Serialized files (Serialized files now loaded: 0)
System memory in use before: 127.7 MB.
System memory in use after: 124.9 MB.

Unloading 48 unused Assets to reduce memory usage. Loaded Objects now: 3119.
Total: 3.827000 ms (FindLiveObjects: 0.324000 ms CreateObjectMapping: 0.146800 ms MarkObjects: 2.092600 ms  DeleteObjects: 1.261600 ms)

AssetImportWorkerClient::OnTransportError - code=2 error=End of file
