Using pre-set license
Built from '2020.3/staging' branch; Version is '2020.3.6f1 (338bb68529b2) revision 3378102'; Using compiler version '192528614'; Build Type 'Release'
OS: 'Windows 10 Pro; OS build 19042.964; Version 2009; 64bit' Language: 'pt' Physical Memory: 8113 MB
BatchMode: 1, IsHumanControllingUs: 0, StartBugReporterOnCrash: 0, Is64bit: 1, IsPro: 0

 COMMAND LINE ARGUMENTS:
C:\Program Files\Unity\Hub\Editor\2020.3.6f1\Editor\Unity.exe
-adb2
-batchMode
-noUpm
-name
AssetImportWorker0
-projectPath
E:/workspace/Code/unity/monster-killer-unity-3D
-logFile
Logs/AssetImportWorker0.log
-srvPort
58154
Successfully changed project path to: E:/workspace/Code/unity/monster-killer-unity-3D
E:/workspace/Code/unity/monster-killer-unity-3D
Using Asset Import Pipeline V2.
Refreshing native plugins compatible for Editor in 36.91 ms, found 0 plugins.
Preloading 0 native plugins for Editor in 0.00 ms.
Initialize engine version: 2020.3.6f1 (338bb68529b2)
[Subsystems] Discovering subsystems at path C:/Program Files/Unity/Hub/Editor/2020.3.6f1/Editor/Data/Resources/UnitySubsystems
[Subsystems] Discovering subsystems at path E:/workspace/Code/unity/monster-killer-unity-3D/Assets
GfxDevice: creating device client; threaded=0
Direct3D:
    Version:  Direct3D 11.0 [level 11.1]
    Renderer: NVIDIA GeForce GTX 1660 (ID=0x2184)
    Vendor:   
    VRAM:     5991 MB
    Driver:   27.21.14.6627
Initialize mono
Mono path[0] = 'C:/Program Files/Unity/Hub/Editor/2020.3.6f1/Editor/Data/Managed'
Mono path[1] = 'C:/Program Files/Unity/Hub/Editor/2020.3.6f1/Editor/Data/MonoBleedingEdge/lib/mono/unityjit'
Mono config path = 'C:/Program Files/Unity/Hub/Editor/2020.3.6f1/Editor/Data/MonoBleedingEdge/etc'
Using monoOptions --debugger-agent=transport=dt_socket,embedding=1,server=y,suspend=n,address=127.0.0.1:56816
Begin MonoManager ReloadAssembly
Registering precompiled unity dll's ...
Register platform support module: C:/Program Files/Unity/Hub/Editor/2020.3.6f1/Editor/Data/PlaybackEngines/WindowsStandaloneSupport/UnityEditor.WindowsStandalone.Extensions.dll
Registered in 0.001384 seconds.
Native extension for WindowsStandalone target not found
Refreshing native plugins compatible for Editor in 36.89 ms, found 0 plugins.
Preloading 0 native plugins for Editor in 0.00 ms.
Mono: successfully reloaded assembly
- Completed reload, in  0.909 seconds
Platform modules already initialized, skipping
Registering precompiled user dll's ...
Registered in 0.002218 seconds.
Begin MonoManager ReloadAssembly
Native extension for WindowsStandalone target not found
Refreshing native plugins compatible for Editor in 37.13 ms, found 0 plugins.
Preloading 0 native plugins for Editor in 0.00 ms.
Mono: successfully reloaded assembly
- Completed reload, in  0.840 seconds
Platform modules already initialized, skipping
========================================================================
Worker process is ready to serve import requests
Shader 'Universal Render Pipeline/Particles/Lit': fallback shader 'Universal Render Pipeline/Particles/SimpleLit' not found
Shader 'Universal Render Pipeline/Particles/Lit': fallback shader 'Universal Render Pipeline/Particles/SimpleLit' not found
Launched and connected shader compiler UnityShaderCompiler.exe after 0.04 seconds
Refreshing native plugins compatible for Editor in 0.39 ms, found 0 plugins.
Preloading 0 native plugins for Editor in 0.00 ms.
Unloading 2571 Unused Serialized files (Serialized files now loaded: 0)
System memory in use before: 121.3 MB.
System memory in use after: 118.5 MB.

Unloading 50 unused Assets to reduce memory usage. Loaded Objects now: 2978.
Total: 3.716400 ms (FindLiveObjects: 0.493500 ms CreateObjectMapping: 0.127700 ms MarkObjects: 1.931200 ms  DeleteObjects: 1.162300 ms)

========================================================================
Received Import Request.
  path: Assets/Models
  artifactKey: Guid(8675c6eb02aea5c458b9d5961fde4640) Importer(815301076,1909f56bfc062723c751e8b465ee728b)
Start importing Assets/Models using Guid(8675c6eb02aea5c458b9d5961fde4640) Importer(815301076,1909f56bfc062723c751e8b465ee728b)  -> (artifact id: '8f02a0ab5619ad4f1935a174d5d04f44') in 0.026010 seconds
  Import took 0.059949 seconds .

========================================================================
Received Import Request.
  Time since last request: 4.366608 seconds.
  path: Assets/Models/PlayerModel
  artifactKey: Guid(ba0f0ae9d8f68ff4f809b5176a053c48) Importer(815301076,1909f56bfc062723c751e8b465ee728b)
Start importing Assets/Models/PlayerModel using Guid(ba0f0ae9d8f68ff4f809b5176a053c48) Importer(815301076,1909f56bfc062723c751e8b465ee728b)  -> (artifact id: 'f45b5dba4e3f4cb170a1568350347857') in 0.008712 seconds
  Import took 0.034404 seconds .

========================================================================
Received Import Request.
  Time since last request: 18.914290 seconds.
  path: Assets/Models/PlayerModel/PlayerModel.fbx
  artifactKey: Guid(cbd08543b87845046ad2f926c2d41418) Importer(815301076,1909f56bfc062723c751e8b465ee728b)
Start importing Assets/Models/PlayerModel/PlayerModel.fbx using Guid(cbd08543b87845046ad2f926c2d41418) Importer(815301076,1909f56bfc062723c751e8b465ee728b)  -> (artifact id: 'f68fdbaa5b59e65910cd43017ddeff46') in 0.393960 seconds
  Import took 0.409616 seconds .

========================================================================
Received Import Request.
  Time since last request: 517.160084 seconds.
  path: Assets/Models/PlayerModel/Animation
  artifactKey: Guid(9d2a3a3cd99716a45955bd7d759b220b) Importer(815301076,1909f56bfc062723c751e8b465ee728b)
Start importing Assets/Models/PlayerModel/Animation using Guid(9d2a3a3cd99716a45955bd7d759b220b) Importer(815301076,1909f56bfc062723c751e8b465ee728b)  -> (artifact id: '2430a054df4b8fd26891202bb4fa2d9c') in 0.006510 seconds
  Import took 0.011165 seconds .

========================================================================
Received Import Request.
  Time since last request: 2.737777 seconds.
  path: Assets/Models/PlayerModel/Parts
  artifactKey: Guid(483c7430c585bc742963037778f3c717) Importer(815301076,1909f56bfc062723c751e8b465ee728b)
Start importing Assets/Models/PlayerModel/Parts using Guid(483c7430c585bc742963037778f3c717) Importer(815301076,1909f56bfc062723c751e8b465ee728b)  -> (artifact id: '757748c03bb4b6af964558a91580e120') in 0.005665 seconds
  Import took 0.409346 seconds .

========================================================================
Received Import Request.
  Time since last request: 0.000244 seconds.
  path: Assets/Models/PlayerModel/Parts/Parts_Color.png
  artifactKey: Guid(b9de8e6110fb4204da4918ed6d46d990) Importer(815301076,1909f56bfc062723c751e8b465ee728b)
Start importing Assets/Models/PlayerModel/Parts/Parts_Color.png using Guid(b9de8e6110fb4204da4918ed6d46d990) Importer(815301076,1909f56bfc062723c751e8b465ee728b)  -> (artifact id: '4aacc3521bdc3875e0bd6cd898b4bd89') in 0.081286 seconds
  Import took 0.131313 seconds .

========================================================================
Received Import Request.
  Time since last request: 0.000265 seconds.
  path: Assets/Models/PlayerModel/Parts/Parts_Metallic.png
  artifactKey: Guid(af331d3f117795546a3f9c5f313646ce) Importer(815301076,1909f56bfc062723c751e8b465ee728b)
Start importing Assets/Models/PlayerModel/Parts/Parts_Metallic.png using Guid(af331d3f117795546a3f9c5f313646ce) Importer(815301076,1909f56bfc062723c751e8b465ee728b)  -> (artifact id: 'f679b808906de5e851cbf25adb606f0e') in 0.030964 seconds
  Import took 0.034204 seconds .

========================================================================
Received Import Request.
  Time since last request: 0.000270 seconds.
  path: Assets/Models/PlayerModel/Parts/Parts_Normal.png
  artifactKey: Guid(12468ffdf1d21164d8d87131de1a0b95) Importer(815301076,1909f56bfc062723c751e8b465ee728b)
Start importing Assets/Models/PlayerModel/Parts/Parts_Normal.png using Guid(12468ffdf1d21164d8d87131de1a0b95) Importer(815301076,1909f56bfc062723c751e8b465ee728b)  -> (artifact id: 'a9dcca6e3c49acbef678d5a0e9ef2171') in 0.030536 seconds
  Import took 0.034377 seconds .

========================================================================
Received Import Request.
  Time since last request: 5.989838 seconds.
  path: Assets/Models/PlayerModel/Materials
  artifactKey: Guid(30e300ecadf5c4579a0d69f8f3db9268) Importer(815301076,1909f56bfc062723c751e8b465ee728b)
Start importing Assets/Models/PlayerModel/Materials using Guid(30e300ecadf5c4579a0d69f8f3db9268) Importer(815301076,1909f56bfc062723c751e8b465ee728b)  -> (artifact id: '5c405e048eb3eaab1eac35141a9b98d2') in 0.006818 seconds
  Import took 0.028176 seconds .

========================================================================
Received Import Request.
  Time since last request: 0.042186 seconds.
  path: Assets/Models/PlayerModel/Materials/Body.mat
  artifactKey: Guid(bc243282ebecf4868b9b3a29de3a86b3) Importer(815301076,1909f56bfc062723c751e8b465ee728b)
Start importing Assets/Models/PlayerModel/Materials/Body.mat using Guid(bc243282ebecf4868b9b3a29de3a86b3) Importer(815301076,1909f56bfc062723c751e8b465ee728b)  -> (artifact id: 'e638bfdbd13f49649e300bb8fa1da0bb') in 0.097286 seconds
  Import took 0.220967 seconds .

========================================================================
Received Import Request.
  Time since last request: 0.000260 seconds.
  path: Assets/Models/PlayerModel/Materials/EyeLight.mat
  artifactKey: Guid(c7d0fe9d689f1a045af07f11ed9e32ec) Importer(815301076,1909f56bfc062723c751e8b465ee728b)
Start importing Assets/Models/PlayerModel/Materials/EyeLight.mat using Guid(c7d0fe9d689f1a045af07f11ed9e32ec) Importer(815301076,1909f56bfc062723c751e8b465ee728b)  -> (artifact id: '01689b7be1555134ed7b94b107e63220') in 0.016534 seconds
  Import took 0.036966 seconds .

========================================================================
Received Import Request.
  Time since last request: 0.000253 seconds.
  path: Assets/Models/PlayerModel/Materials/Parts.mat
  artifactKey: Guid(bcaa982b019a5164fa8bcd1f86d8cc1a) Importer(815301076,1909f56bfc062723c751e8b465ee728b)
Start importing Assets/Models/PlayerModel/Materials/Parts.mat using Guid(bcaa982b019a5164fa8bcd1f86d8cc1a) Importer(815301076,1909f56bfc062723c751e8b465ee728b)  -> (artifact id: 'b1c5d972d0c6425d4f8c09168d54a992') in 0.050906 seconds
  Import took 0.062995 seconds .

========================================================================
Received Import Request.
  Time since last request: 276.473368 seconds.
  path: Assets/Prefabs/PlayerModel.prefab
  artifactKey: Guid(db4ab0a851564da4493cacd2ba839cbd) Importer(815301076,1909f56bfc062723c751e8b465ee728b)
Start importing Assets/Prefabs/PlayerModel.prefab using Guid(db4ab0a851564da4493cacd2ba839cbd) Importer(815301076,1909f56bfc062723c751e8b465ee728b)  -> (artifact id: '7be813a46173ffa61f5c75d1e7c7669a') in 0.019073 seconds
  Import took 0.038651 seconds .

========================================================================
Received Import Request.
  Time since last request: 12.894405 seconds.
  path: Assets/Prefabs/PlayerModel.prefab
  artifactKey: Guid(db4ab0a851564da4493cacd2ba839cbd) Importer(815301076,1909f56bfc062723c751e8b465ee728b)
Start importing Assets/Prefabs/PlayerModel.prefab using Guid(db4ab0a851564da4493cacd2ba839cbd) Importer(815301076,1909f56bfc062723c751e8b465ee728b)  -> (artifact id: '2adf4935590c3685c02f54a28224ac5c') in 0.024924 seconds
  Import took 0.043574 seconds .

========================================================================
Received Import Request.
  Time since last request: 223.602194 seconds.
  path: Assets/Prefabs/PlayerModel.prefab
  artifactKey: Guid(db4ab0a851564da4493cacd2ba839cbd) Importer(815301076,1909f56bfc062723c751e8b465ee728b)
Start importing Assets/Prefabs/PlayerModel.prefab using Guid(db4ab0a851564da4493cacd2ba839cbd) Importer(815301076,1909f56bfc062723c751e8b465ee728b)  -> (artifact id: 'ed0178305045f573fbbf08c0917c1f2d') in 0.030677 seconds
  Import took 0.066007 seconds .

========================================================================
Received Import Request.
  Time since last request: 65.408159 seconds.
  path: Assets/Prefabs/Player.prefab
  artifactKey: Guid(e4a75c0296e28a14ca91e3e2d5a2ee1f) Importer(815301076,1909f56bfc062723c751e8b465ee728b)
Start importing Assets/Prefabs/Player.prefab using Guid(e4a75c0296e28a14ca91e3e2d5a2ee1f) Importer(815301076,1909f56bfc062723c751e8b465ee728b)  -> (artifact id: 'fc87dcaa6788ba7ea57396f4b935c9a4') in 0.069493 seconds
  Import took 0.083551 seconds .

========================================================================
Received Import Request.
  Time since last request: 0.898160 seconds.
  path: Assets/Prefabs/Player.prefab
  artifactKey: Guid(e4a75c0296e28a14ca91e3e2d5a2ee1f) Importer(815301076,1909f56bfc062723c751e8b465ee728b)
Start importing Assets/Prefabs/Player.prefab using Guid(e4a75c0296e28a14ca91e3e2d5a2ee1f) Importer(815301076,1909f56bfc062723c751e8b465ee728b)  -> (artifact id: '0f6622ae0d16e63174692ea96cba929d') in 0.032051 seconds
  Import took 0.043765 seconds .

========================================================================
Received Import Request.
  Time since last request: 3.999581 seconds.
  path: Assets/Prefabs/Player.prefab
  artifactKey: Guid(e4a75c0296e28a14ca91e3e2d5a2ee1f) Importer(815301076,1909f56bfc062723c751e8b465ee728b)
Start importing Assets/Prefabs/Player.prefab using Guid(e4a75c0296e28a14ca91e3e2d5a2ee1f) Importer(815301076,1909f56bfc062723c751e8b465ee728b)  -> (artifact id: '34710b1e9e588514d91c1c2f087ef621') in 0.041574 seconds
  Import took 0.054719 seconds .

========================================================================
Received Import Request.
  Time since last request: 49.673073 seconds.
  path: Assets/Prefabs/Player.prefab
  artifactKey: Guid(e4a75c0296e28a14ca91e3e2d5a2ee1f) Importer(815301076,1909f56bfc062723c751e8b465ee728b)
Start importing Assets/Prefabs/Player.prefab using Guid(e4a75c0296e28a14ca91e3e2d5a2ee1f) Importer(815301076,1909f56bfc062723c751e8b465ee728b)  -> (artifact id: '88e2fe95c0bf4899f2ad70d7e9a46dfe') in 0.033696 seconds
  Import took 0.047211 seconds .

========================================================================
Received Import Request.
  Time since last request: 216.496697 seconds.
  path: Assets/Prefabs/Player.prefab
  artifactKey: Guid(e4a75c0296e28a14ca91e3e2d5a2ee1f) Importer(815301076,1909f56bfc062723c751e8b465ee728b)
Start importing Assets/Prefabs/Player.prefab using Guid(e4a75c0296e28a14ca91e3e2d5a2ee1f) Importer(815301076,1909f56bfc062723c751e8b465ee728b)  -> (artifact id: '2308839ef9ce5f20e51528550852af4a') in 0.042770 seconds
  Import took 0.065054 seconds .

========================================================================
Received Import Request.
  Time since last request: 485.103912 seconds.
  path: Assets/Models/PlayerModel/Materials/Body.mat
  artifactKey: Guid(bc243282ebecf4868b9b3a29de3a86b3) Importer(815301076,1909f56bfc062723c751e8b465ee728b)
Start importing Assets/Models/PlayerModel/Materials/Body.mat using Guid(bc243282ebecf4868b9b3a29de3a86b3) Importer(815301076,1909f56bfc062723c751e8b465ee728b)  -> (artifact id: 'b603bce2e23b004c6782519db884d588') in 0.031903 seconds
  Import took 0.047911 seconds .

========================================================================
Received Import Request.
  Time since last request: 0.000264 seconds.
  path: Assets/Models/PlayerModel/Materials/EyeLight.mat
  artifactKey: Guid(c7d0fe9d689f1a045af07f11ed9e32ec) Importer(815301076,1909f56bfc062723c751e8b465ee728b)
Start importing Assets/Models/PlayerModel/Materials/EyeLight.mat using Guid(c7d0fe9d689f1a045af07f11ed9e32ec) Importer(815301076,1909f56bfc062723c751e8b465ee728b)  -> (artifact id: '3ac18ec35352504d5d4d7a8f81bd6e7e') in 0.012652 seconds
  Import took 0.023127 seconds .

========================================================================
Received Import Request.
  Time since last request: 0.000255 seconds.
  path: Assets/Models/PlayerModel/Materials/Parts.mat
  artifactKey: Guid(bcaa982b019a5164fa8bcd1f86d8cc1a) Importer(815301076,1909f56bfc062723c751e8b465ee728b)
Start importing Assets/Models/PlayerModel/Materials/Parts.mat using Guid(bcaa982b019a5164fa8bcd1f86d8cc1a) Importer(815301076,1909f56bfc062723c751e8b465ee728b)  -> (artifact id: 'a6c3915ca94e8f9acceb718aba394301') in 0.025950 seconds
  Import took 0.034313 seconds .

========================================================================
Received Import Request.
  Time since last request: 0.573813 seconds.
  path: Assets/Models/PlayerModel/Body/Body_Color.png
  artifactKey: Guid(f88914f3f497dce44beec7028b103ca5) Importer(815301076,1909f56bfc062723c751e8b465ee728b)
Start importing Assets/Models/PlayerModel/Body/Body_Color.png using Guid(f88914f3f497dce44beec7028b103ca5) Importer(815301076,1909f56bfc062723c751e8b465ee728b)  -> (artifact id: 'bafdb772cc504225ccf47a5918db1819') in 0.012090 seconds
  Import took 0.024233 seconds .

========================================================================
Received Import Request.
  Time since last request: 0.000271 seconds.
  path: Assets/Models/PlayerModel/Body/Body_Normal.png
  artifactKey: Guid(0daf0be7d928f1b4fb9b620d43e6bf35) Importer(815301076,1909f56bfc062723c751e8b465ee728b)
Start importing Assets/Models/PlayerModel/Body/Body_Normal.png using Guid(0daf0be7d928f1b4fb9b620d43e6bf35) Importer(815301076,1909f56bfc062723c751e8b465ee728b)  -> (artifact id: '9913cbf387df01cec466cdb62f070e96') in 0.014336 seconds
  Import took 0.017512 seconds .

========================================================================
Received Import Request.
  Time since last request: 0.000280 seconds.
  path: Assets/Models/PlayerModel/Body/Body_Height.png
  artifactKey: Guid(583349f37d26ab8449cea470daa7a100) Importer(815301076,1909f56bfc062723c751e8b465ee728b)
Start importing Assets/Models/PlayerModel/Body/Body_Height.png using Guid(583349f37d26ab8449cea470daa7a100) Importer(815301076,1909f56bfc062723c751e8b465ee728b)  -> (artifact id: 'e71f746c8ce111376a7e4615e82affab') in 0.012287 seconds
  Import took 0.015670 seconds .

========================================================================
Received Import Request.
  Time since last request: 0.000311 seconds.
  path: Assets/Models/PlayerModel/Body/Body_Metallic.png
  artifactKey: Guid(f7dca01a75526084f8603fccd963a58f) Importer(815301076,1909f56bfc062723c751e8b465ee728b)
Start importing Assets/Models/PlayerModel/Body/Body_Metallic.png using Guid(f7dca01a75526084f8603fccd963a58f) Importer(815301076,1909f56bfc062723c751e8b465ee728b)  -> (artifact id: 'a146ee2972646e1ca5761e148b90f932') in 0.015203 seconds
  Import took 0.024255 seconds .

========================================================================
Received Prepare
Registering precompiled user dll's ...
Registered in 0.002088 seconds.
Begin MonoManager ReloadAssembly
Native extension for WindowsStandalone target not found
Refreshing native plugins compatible for Editor in 0.39 ms, found 0 plugins.
Preloading 0 native plugins for Editor in 0.00 ms.
Mono: successfully reloaded assembly
- Completed reload, in  0.850 seconds
Platform modules already initialized, skipping
Shader 'Universal Render Pipeline/Particles/Lit': fallback shader 'Universal Render Pipeline/Particles/SimpleLit' not found
Shader 'Universal Render Pipeline/Particles/Lit': fallback shader 'Universal Render Pipeline/Particles/SimpleLit' not found
Refreshing native plugins compatible for Editor in 0.41 ms, found 0 plugins.
Preloading 0 native plugins for Editor in 0.00 ms.
Unloading 2497 Unused Serialized files (Serialized files now loaded: 0)
System memory in use before: 123.6 MB.
System memory in use after: 120.8 MB.

Unloading 45 unused Assets to reduce memory usage. Loaded Objects now: 3068.
Total: 3.293100 ms (FindLiveObjects: 0.322800 ms CreateObjectMapping: 0.115000 ms MarkObjects: 1.666900 ms  DeleteObjects: 1.186700 ms)

========================================================================
Received Prepare
Registering precompiled user dll's ...
Registered in 0.002395 seconds.
Begin MonoManager ReloadAssembly
Native extension for WindowsStandalone target not found
Refreshing native plugins compatible for Editor in 0.47 ms, found 0 plugins.
Preloading 0 native plugins for Editor in 0.00 ms.
Mono: successfully reloaded assembly
- Completed reload, in  0.773 seconds
Platform modules already initialized, skipping
Shader 'Universal Render Pipeline/Particles/Lit': fallback shader 'Universal Render Pipeline/Particles/SimpleLit' not found
Shader 'Universal Render Pipeline/Particles/Lit': fallback shader 'Universal Render Pipeline/Particles/SimpleLit' not found
Refreshing native plugins compatible for Editor in 0.41 ms, found 0 plugins.
Preloading 0 native plugins for Editor in 0.00 ms.
Unloading 2497 Unused Serialized files (Serialized files now loaded: 0)
System memory in use before: 123.6 MB.
System memory in use after: 120.9 MB.

Unloading 45 unused Assets to reduce memory usage. Loaded Objects now: 3071.
Total: 3.651500 ms (FindLiveObjects: 0.318800 ms CreateObjectMapping: 0.138400 ms MarkObjects: 1.882900 ms  DeleteObjects: 1.310000 ms)

========================================================================
Received Prepare
Registering precompiled user dll's ...
Registered in 0.002083 seconds.
Begin MonoManager ReloadAssembly
Native extension for WindowsStandalone target not found
Refreshing native plugins compatible for Editor in 0.41 ms, found 0 plugins.
Preloading 0 native plugins for Editor in 0.00 ms.
Mono: successfully reloaded assembly
- Completed reload, in  0.774 seconds
Platform modules already initialized, skipping
Shader 'Universal Render Pipeline/Particles/Lit': fallback shader 'Universal Render Pipeline/Particles/SimpleLit' not found
Shader 'Universal Render Pipeline/Particles/Lit': fallback shader 'Universal Render Pipeline/Particles/SimpleLit' not found
Refreshing native plugins compatible for Editor in 0.55 ms, found 0 plugins.
Preloading 0 native plugins for Editor in 0.00 ms.
Unloading 2497 Unused Serialized files (Serialized files now loaded: 0)
System memory in use before: 123.7 MB.
System memory in use after: 120.9 MB.

Unloading 45 unused Assets to reduce memory usage. Loaded Objects now: 3074.
Total: 3.267000 ms (FindLiveObjects: 0.264100 ms CreateObjectMapping: 0.110400 ms MarkObjects: 1.608600 ms  DeleteObjects: 1.282400 ms)

========================================================================
Received Import Request.
  Time since last request: 1243.934985 seconds.
  path: Assets/Prefabs/Player.prefab
  artifactKey: Guid(e4a75c0296e28a14ca91e3e2d5a2ee1f) Importer(815301076,1909f56bfc062723c751e8b465ee728b)
Start importing Assets/Prefabs/Player.prefab using Guid(e4a75c0296e28a14ca91e3e2d5a2ee1f) Importer(815301076,1909f56bfc062723c751e8b465ee728b)  -> (artifact id: '7fbee4f88aa74a891d4b97b06e47f0af') in 0.186817 seconds
  Import took 0.194103 seconds .

========================================================================
Received Import Request.
  Time since last request: 83.070799 seconds.
  path: Assets/Prefabs/Player.prefab
  artifactKey: Guid(e4a75c0296e28a14ca91e3e2d5a2ee1f) Importer(815301076,1909f56bfc062723c751e8b465ee728b)
Start importing Assets/Prefabs/Player.prefab using Guid(e4a75c0296e28a14ca91e3e2d5a2ee1f) Importer(815301076,1909f56bfc062723c751e8b465ee728b)  -> (artifact id: '2d6a00f2da6759492e9aa1741e0b545d') in 0.031994 seconds
  Import took 0.037406 seconds .

========================================================================
Received Import Request.
  Time since last request: 20.636727 seconds.
  path: Assets/Prefabs/Player.prefab
  artifactKey: Guid(e4a75c0296e28a14ca91e3e2d5a2ee1f) Importer(815301076,1909f56bfc062723c751e8b465ee728b)
Start importing Assets/Prefabs/Player.prefab using Guid(e4a75c0296e28a14ca91e3e2d5a2ee1f) Importer(815301076,1909f56bfc062723c751e8b465ee728b)  -> (artifact id: 'ce79051ba8d0f468fc549dea2577a7e6') in 0.034163 seconds
  Import took 0.039114 seconds .

========================================================================
Received Prepare
Shader 'Universal Render Pipeline/Particles/Lit': fallback shader 'Universal Render Pipeline/Particles/SimpleLit' not found
Shader 'Universal Render Pipeline/Particles/Lit': fallback shader 'Universal Render Pipeline/Particles/SimpleLit' not found
Refreshing native plugins compatible for Editor in 1.63 ms, found 0 plugins.
Preloading 0 native plugins for Editor in 0.00 ms.
Unloading 43 Unused Serialized files (Serialized files now loaded: 0)
System memory in use before: 79.9 MB.
System memory in use after: 77.0 MB.

Unloading 43 unused Assets to reduce memory usage. Loaded Objects now: 3137.
Total: 4.611200 ms (FindLiveObjects: 0.265100 ms CreateObjectMapping: 0.103400 ms MarkObjects: 2.836500 ms  DeleteObjects: 1.404500 ms)

========================================================================
Received Import Request.
  Time since last request: 216.594844 seconds.
  path: Assets/Prefabs/Player.prefab
  artifactKey: Guid(e4a75c0296e28a14ca91e3e2d5a2ee1f) Importer(815301076,1909f56bfc062723c751e8b465ee728b)
Start importing Assets/Prefabs/Player.prefab using Guid(e4a75c0296e28a14ca91e3e2d5a2ee1f) Importer(815301076,1909f56bfc062723c751e8b465ee728b)  -> (artifact id: 'a15358eb3ac3dbc6ae523c22d7508b23') in 0.043166 seconds
  Import took 0.049154 seconds .

========================================================================
Received Import Request.
  Time since last request: 6.448287 seconds.
  path: Assets/Prefabs/Player.prefab
  artifactKey: Guid(e4a75c0296e28a14ca91e3e2d5a2ee1f) Importer(815301076,1909f56bfc062723c751e8b465ee728b)
Start importing Assets/Prefabs/Player.prefab using Guid(e4a75c0296e28a14ca91e3e2d5a2ee1f) Importer(815301076,1909f56bfc062723c751e8b465ee728b)  -> (artifact id: '47451deb9690253dd64aa6e02f44dd11') in 0.035058 seconds
  Import took 0.040141 seconds .

========================================================================
Received Prepare
Shader 'Universal Render Pipeline/Particles/Lit': fallback shader 'Universal Render Pipeline/Particles/SimpleLit' not found
Shader 'Universal Render Pipeline/Particles/Lit': fallback shader 'Universal Render Pipeline/Particles/SimpleLit' not found
Refreshing native plugins compatible for Editor in 1.60 ms, found 0 plugins.
Preloading 0 native plugins for Editor in 0.00 ms.
Unloading 43 Unused Serialized files (Serialized files now loaded: 0)
System memory in use before: 82.9 MB.
System memory in use after: 80.2 MB.

Unloading 43 unused Assets to reduce memory usage. Loaded Objects now: 3137.
Total: 4.543100 ms (FindLiveObjects: 0.551000 ms CreateObjectMapping: 0.165600 ms MarkObjects: 2.333400 ms  DeleteObjects: 1.490800 ms)

========================================================================
Received Prepare
Registering precompiled user dll's ...
Registered in 0.002380 seconds.
Begin MonoManager ReloadAssembly
Native extension for WindowsStandalone target not found
Refreshing native plugins compatible for Editor in 0.43 ms, found 0 plugins.
Preloading 0 native plugins for Editor in 0.00 ms.
Mono: successfully reloaded assembly
- Completed reload, in  0.994 seconds
Platform modules already initialized, skipping
Shader 'Universal Render Pipeline/Particles/Lit': fallback shader 'Universal Render Pipeline/Particles/SimpleLit' not found
Shader 'Universal Render Pipeline/Particles/Lit': fallback shader 'Universal Render Pipeline/Particles/SimpleLit' not found
Refreshing native plugins compatible for Editor in 0.62 ms, found 0 plugins.
Preloading 0 native plugins for Editor in 0.00 ms.
Unloading 2497 Unused Serialized files (Serialized files now loaded: 0)
System memory in use before: 124.0 MB.
System memory in use after: 121.2 MB.

Unloading 45 unused Assets to reduce memory usage. Loaded Objects now: 3113.
Total: 4.822300 ms (FindLiveObjects: 0.399200 ms CreateObjectMapping: 0.182100 ms MarkObjects: 2.215700 ms  DeleteObjects: 2.024200 ms)

========================================================================
Received Import Request.
  Time since last request: 121.223055 seconds.
  path: Assets/Models/PlayerModel/Animation/PlayerAnimController.controller
  artifactKey: Guid(870ef2877dc835041818b8b932dbbf74) Importer(815301076,1909f56bfc062723c751e8b465ee728b)
Start importing Assets/Models/PlayerModel/Animation/PlayerAnimController.controller using Guid(870ef2877dc835041818b8b932dbbf74) Importer(815301076,1909f56bfc062723c751e8b465ee728b)  -> (artifact id: 'f30a3455f2a844a191eb047bddcfc279') in 0.024832 seconds
  Import took 0.029485 seconds .

========================================================================
Received Prepare
Registering precompiled user dll's ...
Registered in 0.002096 seconds.
Begin MonoManager ReloadAssembly
Native extension for WindowsStandalone target not found
Refreshing native plugins compatible for Editor in 0.53 ms, found 0 plugins.
Preloading 0 native plugins for Editor in 0.00 ms.
Mono: successfully reloaded assembly
- Completed reload, in  0.777 seconds
Platform modules already initialized, skipping
Shader 'Universal Render Pipeline/Particles/Lit': fallback shader 'Universal Render Pipeline/Particles/SimpleLit' not found
Shader 'Universal Render Pipeline/Particles/Lit': fallback shader 'Universal Render Pipeline/Particles/SimpleLit' not found
Refreshing native plugins compatible for Editor in 0.42 ms, found 0 plugins.
Preloading 0 native plugins for Editor in 0.00 ms.
Unloading 2497 Unused Serialized files (Serialized files now loaded: 0)
System memory in use before: 123.9 MB.
System memory in use after: 121.1 MB.

Unloading 45 unused Assets to reduce memory usage. Loaded Objects now: 3116.
Total: 3.371500 ms (FindLiveObjects: 0.236600 ms CreateObjectMapping: 0.096800 ms MarkObjects: 1.682400 ms  DeleteObjects: 1.355000 ms)

========================================================================
Received Prepare
Shader 'Universal Render Pipeline/Particles/Lit': fallback shader 'Universal Render Pipeline/Particles/SimpleLit' not found
Shader 'Universal Render Pipeline/Particles/Lit': fallback shader 'Universal Render Pipeline/Particles/SimpleLit' not found
Refreshing native plugins compatible for Editor in 1.90 ms, found 0 plugins.
Preloading 0 native plugins for Editor in 0.00 ms.
Unloading 43 Unused Serialized files (Serialized files now loaded: 0)
System memory in use before: 75.5 MB.
System memory in use after: 72.7 MB.

Unloading 43 unused Assets to reduce memory usage. Loaded Objects now: 3116.
Total: 4.702300 ms (FindLiveObjects: 0.543800 ms CreateObjectMapping: 0.184200 ms MarkObjects: 2.080300 ms  DeleteObjects: 1.891800 ms)

========================================================================
Received Prepare
Registering precompiled user dll's ...
Registered in 0.003055 seconds.
Begin MonoManager ReloadAssembly
Native extension for WindowsStandalone target not found
Refreshing native plugins compatible for Editor in 0.74 ms, found 0 plugins.
Preloading 0 native plugins for Editor in 0.00 ms.
Mono: successfully reloaded assembly
- Completed reload, in  1.045 seconds
Platform modules already initialized, skipping
Shader 'Universal Render Pipeline/Particles/Lit': fallback shader 'Universal Render Pipeline/Particles/SimpleLit' not found
Shader 'Universal Render Pipeline/Particles/Lit': fallback shader 'Universal Render Pipeline/Particles/SimpleLit' not found
Refreshing native plugins compatible for Editor in 0.45 ms, found 0 plugins.
Preloading 0 native plugins for Editor in 0.00 ms.
Unloading 2497 Unused Serialized files (Serialized files now loaded: 0)
System memory in use before: 124.0 MB.
System memory in use after: 121.2 MB.

Unloading 45 unused Assets to reduce memory usage. Loaded Objects now: 3119.
Total: 4.774400 ms (FindLiveObjects: 0.717300 ms CreateObjectMapping: 0.333700 ms MarkObjects: 2.145000 ms  DeleteObjects: 1.576500 ms)

========================================================================
Received Prepare
Shader 'Universal Render Pipeline/Particles/Lit': fallback shader 'Universal Render Pipeline/Particles/SimpleLit' not found
Shader 'Universal Render Pipeline/Particles/Lit': fallback shader 'Universal Render Pipeline/Particles/SimpleLit' not found
Refreshing native plugins compatible for Editor in 1.73 ms, found 0 plugins.
Preloading 0 native plugins for Editor in 0.00 ms.
Unloading 43 Unused Serialized files (Serialized files now loaded: 0)
System memory in use before: 75.5 MB.
System memory in use after: 72.8 MB.

Unloading 43 unused Assets to reduce memory usage. Loaded Objects now: 3119.
Total: 4.448400 ms (FindLiveObjects: 0.388700 ms CreateObjectMapping: 0.138300 ms MarkObjects: 2.307500 ms  DeleteObjects: 1.610800 ms)

========================================================================
Received Prepare
Registering precompiled user dll's ...
Registered in 0.002139 seconds.
Begin MonoManager ReloadAssembly
Native extension for WindowsStandalone target not found
Refreshing native plugins compatible for Editor in 0.67 ms, found 0 plugins.
Preloading 0 native plugins for Editor in 0.00 ms.
Mono: successfully reloaded assembly
- Completed reload, in  0.985 seconds
Platform modules already initialized, skipping
Shader 'Universal Render Pipeline/Particles/Lit': fallback shader 'Universal Render Pipeline/Particles/SimpleLit' not found
Shader 'Universal Render Pipeline/Particles/Lit': fallback shader 'Universal Render Pipeline/Particles/SimpleLit' not found
Refreshing native plugins compatible for Editor in 1.36 ms, found 0 plugins.
Preloading 0 native plugins for Editor in 0.00 ms.
Unloading 2497 Unused Serialized files (Serialized files now loaded: 0)
System memory in use before: 124.0 MB.
System memory in use after: 121.2 MB.

Unloading 45 unused Assets to reduce memory usage. Loaded Objects now: 3122.
Total: 4.720700 ms (FindLiveObjects: 0.628400 ms CreateObjectMapping: 0.164400 ms MarkObjects: 2.227200 ms  DeleteObjects: 1.699100 ms)

========================================================================
Received Prepare
Registering precompiled user dll's ...
Registered in 0.002661 seconds.
Begin MonoManager ReloadAssembly
Native extension for WindowsStandalone target not found
Refreshing native plugins compatible for Editor in 0.50 ms, found 0 plugins.
Preloading 0 native plugins for Editor in 0.00 ms.
Mono: successfully reloaded assembly
- Completed reload, in  1.043 seconds
Platform modules already initialized, skipping
Shader 'Universal Render Pipeline/Particles/Lit': fallback shader 'Universal Render Pipeline/Particles/SimpleLit' not found
Shader 'Universal Render Pipeline/Particles/Lit': fallback shader 'Universal Render Pipeline/Particles/SimpleLit' not found
Refreshing native plugins compatible for Editor in 0.43 ms, found 0 plugins.
Preloading 0 native plugins for Editor in 0.00 ms.
Unloading 2497 Unused Serialized files (Serialized files now loaded: 0)
System memory in use before: 124.0 MB.
System memory in use after: 121.2 MB.

Unloading 45 unused Assets to reduce memory usage. Loaded Objects now: 3125.
Total: 4.913600 ms (FindLiveObjects: 0.382700 ms CreateObjectMapping: 0.170200 ms MarkObjects: 2.160400 ms  DeleteObjects: 2.198300 ms)

========================================================================
Received Import Request.
  Time since last request: 1042.393671 seconds.
  path: Assets/Particles
  artifactKey: Guid(9108c42a1d5c75a42a422c8aa6bb858d) Importer(815301076,1909f56bfc062723c751e8b465ee728b)
Start importing Assets/Particles using Guid(9108c42a1d5c75a42a422c8aa6bb858d) Importer(815301076,1909f56bfc062723c751e8b465ee728b)  -> (artifact id: '89e32755a53c3ed3b96564fd53dedab6') in 0.011083 seconds
  Import took 0.015486 seconds .

========================================================================
Received Import Request.
  Time since last request: 132.656376 seconds.
  path: Assets/Particles/ParticleSystems
  artifactKey: Guid(df74cfb71ae936140a80382e8c5a7365) Importer(815301076,1909f56bfc062723c751e8b465ee728b)
Start importing Assets/Particles/ParticleSystems using Guid(df74cfb71ae936140a80382e8c5a7365) Importer(815301076,1909f56bfc062723c751e8b465ee728b)  -> (artifact id: '73ff82a82faa7a54adc386a99131a42f') in 0.007126 seconds
  Import took 0.011100 seconds .

========================================================================
Received Prepare
Registering precompiled user dll's ...
Registered in 0.002156 seconds.
Begin MonoManager ReloadAssembly
Native extension for WindowsStandalone target not found
Refreshing native plugins compatible for Editor in 0.40 ms, found 0 plugins.
Preloading 0 native plugins for Editor in 0.00 ms.
Mono: successfully reloaded assembly
- Completed reload, in  0.775 seconds
Platform modules already initialized, skipping
Shader 'Universal Render Pipeline/Particles/Lit': fallback shader 'Universal Render Pipeline/Particles/SimpleLit' not found
Shader 'Universal Render Pipeline/Particles/Lit': fallback shader 'Universal Render Pipeline/Particles/SimpleLit' not found
Refreshing native plugins compatible for Editor in 0.46 ms, found 0 plugins.
Preloading 0 native plugins for Editor in 0.00 ms.
Unloading 2497 Unused Serialized files (Serialized files now loaded: 0)
System memory in use before: 124.0 MB.
System memory in use after: 121.2 MB.

Unloading 45 unused Assets to reduce memory usage. Loaded Objects now: 3128.
Total: 3.586100 ms (FindLiveObjects: 0.296500 ms CreateObjectMapping: 0.129900 ms MarkObjects: 1.749400 ms  DeleteObjects: 1.409300 ms)

========================================================================
Received Prepare
Registering precompiled user dll's ...
Registered in 0.002096 seconds.
Begin MonoManager ReloadAssembly
Native extension for WindowsStandalone target not found
Refreshing native plugins compatible for Editor in 0.52 ms, found 0 plugins.
Preloading 0 native plugins for Editor in 0.00 ms.
Mono: successfully reloaded assembly
- Completed reload, in  0.783 seconds
Platform modules already initialized, skipping
Shader 'Universal Render Pipeline/Particles/Lit': fallback shader 'Universal Render Pipeline/Particles/SimpleLit' not found
Shader 'Universal Render Pipeline/Particles/Lit': fallback shader 'Universal Render Pipeline/Particles/SimpleLit' not found
Refreshing native plugins compatible for Editor in 0.41 ms, found 0 plugins.
Preloading 0 native plugins for Editor in 0.00 ms.
Unloading 2497 Unused Serialized files (Serialized files now loaded: 0)
System memory in use before: 123.9 MB.
System memory in use after: 121.1 MB.

Unloading 45 unused Assets to reduce memory usage. Loaded Objects now: 3131.
Total: 7.167100 ms (FindLiveObjects: 0.472100 ms CreateObjectMapping: 0.162400 ms MarkObjects: 3.917600 ms  DeleteObjects: 2.611500 ms)

========================================================================
Received Import Request.
  Time since last request: 294.433490 seconds.
  path: Assets/Utility
  artifactKey: Guid(8fb26caddeedb41c9ae5c09a23c52942) Importer(815301076,1909f56bfc062723c751e8b465ee728b)
Start importing Assets/Utility using Guid(8fb26caddeedb41c9ae5c09a23c52942) Importer(815301076,1909f56bfc062723c751e8b465ee728b)  -> (artifact id: '607ee66966fb4642725aa88217bd065f') in 0.008286 seconds
  Import took 0.012175 seconds .

========================================================================
Received Import Request.
  Time since last request: 0.001144 seconds.
  path: Assets/Utility
  artifactKey: Guid(8fb26caddeedb41c9ae5c09a23c52942) Importer(815301076,1909f56bfc062723c751e8b465ee728b)
Start importing Assets/Utility using Guid(8fb26caddeedb41c9ae5c09a23c52942) Importer(815301076,1909f56bfc062723c751e8b465ee728b)  -> (artifact id: '607ee66966fb4642725aa88217bd065f') in 0.002119 seconds
  Import took 0.006100 seconds .

========================================================================
Received Import Request.
  Time since last request: 32.174187 seconds.
  path: Assets/ParticleSystems
  artifactKey: Guid(d7ea5a218770df14895b81e3602e420f) Importer(815301076,1909f56bfc062723c751e8b465ee728b)
Start importing Assets/ParticleSystems using Guid(d7ea5a218770df14895b81e3602e420f) Importer(815301076,1909f56bfc062723c751e8b465ee728b)  -> (artifact id: 'f63556311b5158a0c6722b1352f25f7b') in 0.002722 seconds
  Import took 0.006733 seconds .

========================================================================
Received Prepare
Registering precompiled user dll's ...
Registered in 0.002142 seconds.
Begin MonoManager ReloadAssembly
Native extension for WindowsStandalone target not found
Refreshing native plugins compatible for Editor in 0.39 ms, found 0 plugins.
Preloading 0 native plugins for Editor in 0.00 ms.
Mono: successfully reloaded assembly
- Completed reload, in  0.777 seconds
Platform modules already initialized, skipping
Shader 'Universal Render Pipeline/Particles/Lit': fallback shader 'Universal Render Pipeline/Particles/SimpleLit' not found
Shader 'Universal Render Pipeline/Particles/Lit': fallback shader 'Universal Render Pipeline/Particles/SimpleLit' not found
Refreshing native plugins compatible for Editor in 0.41 ms, found 0 plugins.
Preloading 0 native plugins for Editor in 0.00 ms.
Unloading 2497 Unused Serialized files (Serialized files now loaded: 0)
System memory in use before: 124.0 MB.
System memory in use after: 121.3 MB.

Unloading 45 unused Assets to reduce memory usage. Loaded Objects now: 3134.
Total: 4.115800 ms (FindLiveObjects: 0.334900 ms CreateObjectMapping: 0.130800 ms MarkObjects: 2.242000 ms  DeleteObjects: 1.406600 ms)

========================================================================
Received Prepare
Registering precompiled user dll's ...
Registered in 0.002744 seconds.
Begin MonoManager ReloadAssembly
Native extension for WindowsStandalone target not found
Refreshing native plugins compatible for Editor in 0.47 ms, found 0 plugins.
Preloading 0 native plugins for Editor in 0.00 ms.
Mono: successfully reloaded assembly
- Completed reload, in  0.805 seconds
Platform modules already initialized, skipping
Shader 'Universal Render Pipeline/Particles/Lit': fallback shader 'Universal Render Pipeline/Particles/SimpleLit' not found
Shader 'Universal Render Pipeline/Particles/Lit': fallback shader 'Universal Render Pipeline/Particles/SimpleLit' not found
Refreshing native plugins compatible for Editor in 0.44 ms, found 0 plugins.
Preloading 0 native plugins for Editor in 0.00 ms.
Unloading 2650 Unused Serialized files (Serialized files now loaded: 0)
System memory in use before: 142.7 MB.
System memory in use after: 132.2 MB.

Unloading 122 unused Assets to reduce memory usage. Loaded Objects now: 3215.
Total: 6.914900 ms (FindLiveObjects: 0.488600 ms CreateObjectMapping: 0.215000 ms MarkObjects: 1.965800 ms  DeleteObjects: 4.243100 ms)

========================================================================
Received Import Request.
  Time since last request: 234.380752 seconds.
  path: Assets/ParticleSystems/Prefabs
  artifactKey: Guid(15135e86e52ab4b038dcbd61d7549e9f) Importer(815301076,1909f56bfc062723c751e8b465ee728b)
Start importing Assets/ParticleSystems/Prefabs using Guid(15135e86e52ab4b038dcbd61d7549e9f) Importer(815301076,1909f56bfc062723c751e8b465ee728b)  -> (artifact id: 'fc1ecb83a8df9958a7a3822f65955dd2') in 0.016566 seconds
  Import took 0.021833 seconds .

========================================================================
Received Import Request.
  Time since last request: 0.059684 seconds.
  path: Assets/ParticleSystems/Prefabs/Afterburner.prefab
  artifactKey: Guid(d8c41be67f41aa545ae053b0b927f821) Importer(815301076,1909f56bfc062723c751e8b465ee728b)
Start importing Assets/ParticleSystems/Prefabs/Afterburner.prefab using Guid(d8c41be67f41aa545ae053b0b927f821) Importer(815301076,1909f56bfc062723c751e8b465ee728b)  -> (artifact id: '6db8bf9a460576240bbb4c82f5b40a76') in 0.025117 seconds
  Import took 0.029078 seconds .

========================================================================
Received Import Request.
  Time since last request: 0.000149 seconds.
  path: Assets/ParticleSystems/Prefabs/FlareMobile.prefab
  artifactKey: Guid(ccbcfc705a39717429590a9f247ec30a) Importer(815301076,1909f56bfc062723c751e8b465ee728b)
Start importing Assets/ParticleSystems/Prefabs/FlareMobile.prefab using Guid(ccbcfc705a39717429590a9f247ec30a) Importer(815301076,1909f56bfc062723c751e8b465ee728b)  -> (artifact id: 'c4720fc42ba76414fbc934f6d270d028') in 0.010765 seconds
  Import took 0.014299 seconds .

========================================================================
Received Import Request.
  Time since last request: 0.000105 seconds.
  path: Assets/ParticleSystems/Prefabs/Explosion.prefab
  artifactKey: Guid(031d08f52af1daa4f929b85221519426) Importer(815301076,1909f56bfc062723c751e8b465ee728b)
Start importing Assets/ParticleSystems/Prefabs/Explosion.prefab using Guid(031d08f52af1daa4f929b85221519426) Importer(815301076,1909f56bfc062723c751e8b465ee728b)  -> (artifact id: 'f1e9f5e720af0dc8f68920c5fdcbe7af') in 0.012587 seconds
  Import took 0.017367 seconds .

========================================================================
Received Import Request.
  Time since last request: 0.000169 seconds.
  path: Assets/ParticleSystems/Prefabs/FireComplex.prefab
  artifactKey: Guid(bf495eacf58e31146ab012aa89ac68da) Importer(815301076,1909f56bfc062723c751e8b465ee728b)
Start importing Assets/ParticleSystems/Prefabs/FireComplex.prefab using Guid(bf495eacf58e31146ab012aa89ac68da) Importer(815301076,1909f56bfc062723c751e8b465ee728b)  -> (artifact id: '1477dffda2c62153559e4ec587aa75bc') in 0.227109 seconds
  Import took 0.232279 seconds .

========================================================================
Received Import Request.
  Time since last request: 0.000279 seconds.
  path: Assets/ParticleSystems/Prefabs/Smoke.prefab
  artifactKey: Guid(921a3ff88856fe04ebc86b196fd8cc59) Importer(815301076,1909f56bfc062723c751e8b465ee728b)
Start importing Assets/ParticleSystems/Prefabs/Smoke.prefab using Guid(921a3ff88856fe04ebc86b196fd8cc59) Importer(815301076,1909f56bfc062723c751e8b465ee728b)  -> (artifact id: '9804785c47bbe62cea349d983188b8fa') in 0.009054 seconds
  Import took 0.013633 seconds .

========================================================================
Received Import Request.
  Time since last request: 0.000212 seconds.
  path: Assets/ParticleSystems/Prefabs/ExplosionMobile.prefab
  artifactKey: Guid(645413a00f7bd0242bbd6d0e5eb6f439) Importer(815301076,1909f56bfc062723c751e8b465ee728b)
Start importing Assets/ParticleSystems/Prefabs/ExplosionMobile.prefab using Guid(645413a00f7bd0242bbd6d0e5eb6f439) Importer(815301076,1909f56bfc062723c751e8b465ee728b)  -> (artifact id: '0d43bc73a5e3f4861ca8a1e656714eff') in 0.009025 seconds
  Import took 0.013156 seconds .

========================================================================
Received Import Request.
  Time since last request: 0.000161 seconds.
  path: Assets/ParticleSystems/Prefabs/Flare.prefab
  artifactKey: Guid(0438351a6e6422d43a09930e9be00ee9) Importer(815301076,1909f56bfc062723c751e8b465ee728b)
Start importing Assets/ParticleSystems/Prefabs/Flare.prefab using Guid(0438351a6e6422d43a09930e9be00ee9) Importer(815301076,1909f56bfc062723c751e8b465ee728b)  -> (artifact id: '26b29447a73b09b20d24532755221029') in 0.009222 seconds
  Import took 0.013406 seconds .

========================================================================
Received Import Request.
  Time since last request: 0.000147 seconds.
  path: Assets/ParticleSystems/Prefabs/HoseMobile.prefab
  artifactKey: Guid(4dbf077105ba797428d118320f2a10aa) Importer(815301076,1909f56bfc062723c751e8b465ee728b)
Start importing Assets/ParticleSystems/Prefabs/HoseMobile.prefab using Guid(4dbf077105ba797428d118320f2a10aa) Importer(815301076,1909f56bfc062723c751e8b465ee728b)  -> (artifact id: '01ef81ad39b7100cd340e5674d52cb58') in 0.009562 seconds
  Import took 0.013563 seconds .

========================================================================
Received Import Request.
  Time since last request: 0.000182 seconds.
  path: Assets/ParticleSystems/Prefabs/DustStorm.prefab
  artifactKey: Guid(1f7aa4d40edff6e48b549003cad031e1) Importer(815301076,1909f56bfc062723c751e8b465ee728b)
Start importing Assets/ParticleSystems/Prefabs/DustStorm.prefab using Guid(1f7aa4d40edff6e48b549003cad031e1) Importer(815301076,1909f56bfc062723c751e8b465ee728b)  -> (artifact id: 'b0eeb0564b73dac9d6a5caf3a53317cd') in 0.008737 seconds
  Import took 0.012643 seconds .

========================================================================
Received Import Request.
  Time since last request: 0.000204 seconds.
  path: Assets/ParticleSystems/Prefabs/Fireworks.prefab
  artifactKey: Guid(180149b1a35449044a27b451e816d2de) Importer(815301076,1909f56bfc062723c751e8b465ee728b)
Start importing Assets/ParticleSystems/Prefabs/Fireworks.prefab using Guid(180149b1a35449044a27b451e816d2de) Importer(815301076,1909f56bfc062723c751e8b465ee728b)  -> (artifact id: 'aa61b21e359ca2ab925b8509939a2db9') in 0.009447 seconds
  Import took 0.013653 seconds .

========================================================================
Received Import Request.
  Time since last request: 0.000166 seconds.
  path: Assets/ParticleSystems/Prefabs/FireMobile.prefab
  artifactKey: Guid(b99a0a5998b2736429fd2a2fd1d01c5e) Importer(815301076,1909f56bfc062723c751e8b465ee728b)
Start importing Assets/ParticleSystems/Prefabs/FireMobile.prefab using Guid(b99a0a5998b2736429fd2a2fd1d01c5e) Importer(815301076,1909f56bfc062723c751e8b465ee728b)  -> (artifact id: '6fd23389832a548f790e280d60714f5c') in 0.017843 seconds
  Import took 0.021951 seconds .

========================================================================
Received Import Request.
  Time since last request: 0.000172 seconds.
  path: Assets/ParticleSystems/Prefabs/DustStormMobile.prefab
  artifactKey: Guid(ed1c797ec3736704db03a0d64d010e33) Importer(815301076,1909f56bfc062723c751e8b465ee728b)
Start importing Assets/ParticleSystems/Prefabs/DustStormMobile.prefab using Guid(ed1c797ec3736704db03a0d64d010e33) Importer(815301076,1909f56bfc062723c751e8b465ee728b)  -> (artifact id: 'a2e475dde86eaeef98b0115843b28411') in 0.009808 seconds
  Import took 0.014032 seconds .

========================================================================
Received Import Request.
  Time since last request: 0.000220 seconds.
  path: Assets/ParticleSystems/Prefabs/Hose.prefab
  artifactKey: Guid(fae5d333f43a55744ab0c44fecefdcae) Importer(815301076,1909f56bfc062723c751e8b465ee728b)
Start importing Assets/ParticleSystems/Prefabs/Hose.prefab using Guid(fae5d333f43a55744ab0c44fecefdcae) Importer(815301076,1909f56bfc062723c751e8b465ee728b)  -> (artifact id: '3223a97bdd22576ab251ce306971c24f') in 0.009555 seconds
  Import took 0.013712 seconds .

========================================================================
Received Import Request.
  Time since last request: 2.216884 seconds.
  path: Assets/ParticleSystems/Materials/ParticleAfterburner.mat
  artifactKey: Guid(89ff19d667a6a5d4bb76df1fcb718402) Importer(815301076,1909f56bfc062723c751e8b465ee728b)
Start importing Assets/ParticleSystems/Materials/ParticleAfterburner.mat using Guid(89ff19d667a6a5d4bb76df1fcb718402) Importer(815301076,1909f56bfc062723c751e8b465ee728b)  -> (artifact id: 'bd1b9e9e338f0073f0bf60fee6ed62f0') in 0.035405 seconds
  Import took 0.040758 seconds .

========================================================================
Received Import Request.
  Time since last request: 0.006083 seconds.
  path: Assets/ParticleSystems/Materials/ParticleAfterburner.mat
  artifactKey: Guid(89ff19d667a6a5d4bb76df1fcb718402) Importer(815301076,1909f56bfc062723c751e8b465ee728b)
Start importing Assets/ParticleSystems/Materials/ParticleAfterburner.mat using Guid(89ff19d667a6a5d4bb76df1fcb718402) Importer(815301076,1909f56bfc062723c751e8b465ee728b)  -> (artifact id: 'bd1b9e9e338f0073f0bf60fee6ed62f0') in 0.047255 seconds
  Import took 0.051600 seconds .

========================================================================
Received Import Request.
  Time since last request: 907.553775 seconds.
  path: Assets/ParticleSystems/Prefabs/Steam.prefab
  artifactKey: Guid(32aafb358d61bd14b9b27ed0871fe43b) Importer(815301076,1909f56bfc062723c751e8b465ee728b)
Start importing Assets/ParticleSystems/Prefabs/Steam.prefab using Guid(32aafb358d61bd14b9b27ed0871fe43b) Importer(815301076,1909f56bfc062723c751e8b465ee728b)  -> (artifact id: '71d1127d82363b61dfeffd728dba132d') in 0.013124 seconds
  Import took 0.019600 seconds .

========================================================================
Received Import Request.
  Time since last request: 0.000325 seconds.
  path: Assets/ParticleSystems/Prefabs/SteamMobile.prefab
  artifactKey: Guid(b6fecef6c92b67147b638a07ef91195b) Importer(815301076,1909f56bfc062723c751e8b465ee728b)
Start importing Assets/ParticleSystems/Prefabs/SteamMobile.prefab using Guid(b6fecef6c92b67147b638a07ef91195b) Importer(815301076,1909f56bfc062723c751e8b465ee728b)  -> (artifact id: 'a5cf08137bd9b98b302ee51cc6f52368') in 0.016226 seconds
  Import took 0.021820 seconds .

========================================================================
Received Import Request.
  Time since last request: 0.046773 seconds.
  path: Assets/ParticleSystems/Prefabs/TyreBurnoutSmoke.prefab
  artifactKey: Guid(98c58c8dd46640c49bb5f557afafea7c) Importer(815301076,1909f56bfc062723c751e8b465ee728b)
Start importing Assets/ParticleSystems/Prefabs/TyreBurnoutSmoke.prefab using Guid(98c58c8dd46640c49bb5f557afafea7c) Importer(815301076,1909f56bfc062723c751e8b465ee728b)  -> (artifact id: '7d0d746157f5c609dd6e40dce72aea29') in 0.008704 seconds
  Import took 0.012557 seconds .

========================================================================
Received Import Request.
  Time since last request: 0.000176 seconds.
  path: Assets/ParticleSystems/Prefabs/WildFire.prefab
  artifactKey: Guid(2c32987c2bc01844a94adfb917dd677d) Importer(815301076,1909f56bfc062723c751e8b465ee728b)
Start importing Assets/ParticleSystems/Prefabs/WildFire.prefab using Guid(2c32987c2bc01844a94adfb917dd677d) Importer(815301076,1909f56bfc062723c751e8b465ee728b)  -> (artifact id: '5f3ca679022dde6e2c455ddf2046de5a') in 0.020203 seconds
  Import took 0.024341 seconds .

========================================================================
Received Import Request.
  Time since last request: 88.742677 seconds.
  path: Assets/ParticleSystems/Scripts/ExplosionPhysicsForce.cs
  artifactKey: Guid(0ac1691131a8c844dafe8b6ace6a172a) Importer(815301076,1909f56bfc062723c751e8b465ee728b)
Start importing Assets/ParticleSystems/Scripts/ExplosionPhysicsForce.cs using Guid(0ac1691131a8c844dafe8b6ace6a172a) Importer(815301076,1909f56bfc062723c751e8b465ee728b)  -> (artifact id: 'eab1bb9318d0abb7bd2799f6c9e40dfb') in 0.018364 seconds
  Import took 0.022592 seconds .

========================================================================
Received Import Request.
  Time since last request: 0.984617 seconds.
  path: Assets/ParticleSystems/Scripts/Hose.cs
  artifactKey: Guid(915950f1f73ea9e429d92b7226238623) Importer(815301076,1909f56bfc062723c751e8b465ee728b)
Start importing Assets/ParticleSystems/Scripts/Hose.cs using Guid(915950f1f73ea9e429d92b7226238623) Importer(815301076,1909f56bfc062723c751e8b465ee728b)  -> (artifact id: 'a06094fa73ac80248947744362039e16') in 0.018195 seconds
  Import took 0.021941 seconds .

========================================================================
Received Import Request.
  Time since last request: 1.522340 seconds.
  path: Assets/ParticleSystems/Scripts/ParticleSystemMultiplier.cs
  artifactKey: Guid(039587c051912eb4ead9e58344c5f3ce) Importer(815301076,1909f56bfc062723c751e8b465ee728b)
Start importing Assets/ParticleSystems/Scripts/ParticleSystemMultiplier.cs using Guid(039587c051912eb4ead9e58344c5f3ce) Importer(815301076,1909f56bfc062723c751e8b465ee728b)  -> (artifact id: '2c36372772b8a954e19081de64969b74') in 0.007576 seconds
  Import took 0.011632 seconds .

========================================================================
Received Import Request.
  Time since last request: 0.001472 seconds.
  path: Assets/ParticleSystems/Scripts/ParticleSystemMultiplier.cs
  artifactKey: Guid(039587c051912eb4ead9e58344c5f3ce) Importer(815301076,1909f56bfc062723c751e8b465ee728b)
Start importing Assets/ParticleSystems/Scripts/ParticleSystemMultiplier.cs using Guid(039587c051912eb4ead9e58344c5f3ce) Importer(815301076,1909f56bfc062723c751e8b465ee728b)  -> (artifact id: '2c36372772b8a954e19081de64969b74') in 0.003477 seconds
  Import took 0.008084 seconds .

========================================================================
Received Prepare
Registering precompiled user dll's ...
Registered in 0.002186 seconds.
Begin MonoManager ReloadAssembly
Native extension for WindowsStandalone target not found
Refreshing native plugins compatible for Editor in 0.46 ms, found 0 plugins.
Preloading 0 native plugins for Editor in 0.00 ms.
Mono: successfully reloaded assembly
- Completed reload, in  1.050 seconds
Platform modules already initialized, skipping
Shader 'Universal Render Pipeline/Particles/Lit': fallback shader 'Universal Render Pipeline/Particles/SimpleLit' not found
Shader 'Universal Render Pipeline/Particles/Lit': fallback shader 'Universal Render Pipeline/Particles/SimpleLit' not found
Refreshing native plugins compatible for Editor in 0.45 ms, found 0 plugins.
Preloading 0 native plugins for Editor in 0.00 ms.
Unloading 2650 Unused Serialized files (Serialized files now loaded: 0)
System memory in use before: 143.2 MB.
System memory in use after: 132.5 MB.

Unloading 124 unused Assets to reduce memory usage. Loaded Objects now: 3257.
Total: 6.799900 ms (FindLiveObjects: 0.294800 ms CreateObjectMapping: 0.120900 ms MarkObjects: 1.783800 ms  DeleteObjects: 4.599100 ms)

========================================================================
Received Prepare
Shader 'Universal Render Pipeline/Particles/Lit': fallback shader 'Universal Render Pipeline/Particles/SimpleLit' not found
Shader 'Universal Render Pipeline/Particles/Lit': fallback shader 'Universal Render Pipeline/Particles/SimpleLit' not found
Refreshing native plugins compatible for Editor in 1.81 ms, found 0 plugins.
Preloading 0 native plugins for Editor in 0.00 ms.
Unloading 120 Unused Serialized files (Serialized files now loaded: 0)
System memory in use before: 93.0 MB.
System memory in use after: 82.5 MB.

Unloading 120 unused Assets to reduce memory usage. Loaded Objects now: 3257.
Total: 6.795400 ms (FindLiveObjects: 0.349000 ms CreateObjectMapping: 0.143200 ms MarkObjects: 1.864200 ms  DeleteObjects: 4.438000 ms)

AssetImportWorkerClient::OnTransportError - code=2 error=End of file
